<?xml version="1.0" encoding="UTF-8"?>
<!-- Generated by org.testng.reporters.JUnitReportReporter -->
<testsuite hostname="DESKTOP-5GIMOV4" failures="0" tests="2" name="Employee.info.java.Employees" time="4.646" errors="0" timestamp="2024-01-19T15:49:25 IST" skipped="0">
  <testcase classname="Employee.info.java.Employees" name="launch" time="3.992"/>
  <testcase classname="Employee.info.java.Employees" name="user_name" time="0.654"/>
</testsuite> <!-- Employee.info.java.Employees -->
