<?xml version="1.0" encoding="UTF-8"?>
<!-- Generated by org.testng.reporters.JUnitReportReporter -->
<testsuite hostname="DESKTOP-5GIMOV4" failures="0" tests="3" name="Employee.info.java.Employees" time="0.018" errors="0" timestamp="2024-01-16T17:47:18 IST" skipped="0">
  <testcase classname="Employee.info.java.Employees" name="test2" time="0.002"/>
  <testcase classname="Employee.info.java.Employees" name="test3" time="0.001"/>
  <testcase classname="Employee.info.java.Employees" name="test1" time="0.015"/>
</testsuite> <!-- Employee.info.java.Employees -->
